Arguments: 
  C:\Program Files\nodejs\node.exe C:\Users\vic19\AppData\Roaming\npm\node_modules\yarn\bin\yarn.js init

PATH: 
  C:\ProgramData\Oracle\Java\javapath;C:\WINDOWS\system32;C:\WINDOWS;C:\WINDOWS\System32\Wbem;C:\WINDOWS\System32\WindowsPowerShell\v1.0\;C:\Program Files (x86)\NVIDIA Corporation\PhysX\Common;C:\Program Files\nodejs\;D:\Program Files\Git\cmd;"D:\Program Files\Java\jdk1.8.0_161\bin;";C:\Users\vic19\AppData\Local\Android\Sdk;C:\Users\vic19\AppData\Local\Android\Sdk\platform-tools;;C:\Users\vic19\AppData\Local\Microsoft\WindowsApps;C:\Users\vic19\AppData\Roaming\npm;D:\Program Files\Microsoft VS Code\bin

Yarn version: 
  1.5.1

Node version: 
  8.10.0

Platform: 
  win32 x64

npm manifest: 
  No manifest

yarn manifest: 
  No manifest

Lockfile: 
  No lockfile

Trace: 
  Error: canceled
      at Interface.<anonymous> (C:\Users\vic19\AppData\Roaming\npm\node_modules\yarn\lib\cli.js:128791:13)
      at emitNone (events.js:106:13)
      at Interface.emit (events.js:208:7)
      at Interface._ttyWrite (readline.js:775:16)
      at ReadStream.onkeypress (readline.js:160:10)
      at emitTwo (events.js:126:13)
      at ReadStream.emit (events.js:214:7)
      at emitKeys (internal/readline.js:420:14)
      at emitKeys.next (<anonymous>)
      at ReadStream.onData (readline.js:1011:36)
